This is TeX, Version 3.14159 (C version 6.1) (format=latex 96.10.25)  2 SEP 1997 21:48
**images.tex
(images.tex
LaTeX2e <1996/06/01>
Hyphenation patterns for english, german, loaded.

(/opt/teTeX/texmf/tex/latex/base/latex209.def
File: latex209.def 1996/05/21 v0.51 Standard LaTeX file
Entering LaTeX 2.09 compatibility mode.
\footheight=\dimen102
\@maxsep=\dimen103
\@dblmaxsep=\dimen104
\@cla=\count79
\@clb=\count80
\mscount=\count81
(/opt/teTeX/texmf/tex/latex/base/tracefnt.sty
Package: tracefnt 1996/05/08 v3.0h Standard LaTeX package (font tracing)
\tracingfonts=\count82
LaTeX Info: Redefining \selectfont on input line 139.
)
\symbold=\mathgroup4
\symsans=\mathgroup5
\symtypewriter=\mathgroup6
\symitalic=\mathgroup7
\symsmallcaps=\mathgroup8
\symslanted=\mathgroup9
LaTeX Font Info:    Redeclaring math alphabet \mathbf on input line 307.
LaTeX Font Info:    Redeclaring math alphabet \mathsf on input line 308.
LaTeX Font Info:    Redeclaring math alphabet \mathtt on input line 309.
LaTeX Font Info:    Redeclaring math alphabet \mathit on input line 315.
LaTeX Info: Redefining \em on input line 325.
(/opt/teTeX/texmf/tex/latex/base/latexsym.sty
Package: latexsym 1995/11/28 v2.2c Standard LaTeX package (lasy symbols)
\symlasy=\mathgroup10
LaTeX Font Info:    Overwriting symbol font `lasy' in version `bold'
(Font)                  U/lasy/m/n --> U/lasy/b/n on input line 86.
)
LaTeX Font Info:    Redeclaring math delimiter \lgroup on input line 389.
LaTeX Font Info:    Redeclaring math delimiter \rgroup on input line 391.
LaTeX Font Info:    Redeclaring math delimiter \bracevert on input line 393.
(/opt/teTeX/texmf/tex/latex/config/latex209.cfg (/opt/teTeX/texmf/tex/latex/too
ls/rawfonts.sty
Compatibility mode: package `' requested, but `rawfonts' provided.
Package: rawfonts 1994/05/08 Low-level LaTeX 2.09 font compatibility
(/opt/teTeX/texmf/tex/latex/tools/somedefs.sty
Package: somedefs 1994/06/01 Toolkit for optional definitions
)
LaTeX Font Info:    Try loading font information for U+lasy on input line 36.
(/opt/teTeX/texmf/tex/latex/base/Ulasy.fd
File: Ulasy.fd 1995/11/28 v2.2cLaTeX symbol font definitions
)))) (/opt/teTeX/texmf/tex/latex/base/article.cls
Document Class: article 1996/05/26 v1.3r Standard LaTeX document class
(/opt/teTeX/texmf/tex/latex/base/size11.clo
File: size11.clo 1996/05/26 v1.3r Standard LaTeX file (size option)
)
\c@part=\count83
\c@section=\count84
\c@subsection=\count85
\c@subsubsection=\count86
\c@paragraph=\count87
\c@subparagraph=\count88
\c@figure=\count89
\c@table=\count90
\abovecaptionskip=\skip41
\belowcaptionskip=\skip42
Compatibility mode: definition of \rm ignored.
Compatibility mode: definition of \sf ignored.
Compatibility mode: definition of \tt ignored.
Compatibility mode: definition of \bf ignored.
Compatibility mode: definition of \it ignored.
Compatibility mode: definition of \sl ignored.
Compatibility mode: definition of \sc ignored.
LaTeX Info: Redefining \cal on input line 543.
LaTeX Info: Redefining \mit on input line 544.
\bibindent=\dimen105
) (/opt/teTeX/texmf/tex/generic/dvips/epsf.sty (/opt/teTeX/texmf/tex/generic/dv
ips/epsf.tex
\epsffilein=\read1
\epsfxsize=\dimen106
\epsfysize=\dimen107
\epsftsize=\dimen108
\epsfrsize=\dimen109
\epsftmp=\dimen110
\pspoints=\dimen111
))
\c@theorem=\count91
\lthtmlwrite=\write3
\sizebox=\box26
(images.aux)
LaTeX Font Info:    Checking defaults for OML/cmm/m/it on input line 89.
LaTeX Font Info:    ... okay on input line 89.
LaTeX Font Info:    Checking defaults for T1/cmr/m/n on input line 89.
LaTeX Font Info:    ... okay on input line 89.
LaTeX Font Info:    Checking defaults for OT1/cmr/m/n on input line 89.
LaTeX Font Info:    ... okay on input line 89.
LaTeX Font Info:    Checking defaults for OMS/cmsy/m/n on input line 89.
LaTeX Font Info:    ... okay on input line 89.
LaTeX Font Info:    Checking defaults for OMX/cmex/m/n on input line 89.
LaTeX Font Info:    ... okay on input line 89.
LaTeX Font Info:    Checking defaults for U/cmr/m/n on input line 89.
LaTeX Font Info:    ... okay on input line 89.
LaTeX Font Info:    External font `cmex10' loaded for size
(Font)              <10.95> on input line 93.
LaTeX Font Info:    External font `cmex10' loaded for size
(Font)              <8> on input line 93.
LaTeX Font Info:    External font `cmex10' loaded for size
(Font)              <6> on input line 93.
latex2htmlSize :tex2html_wrap_inline864: 7.60416pt::0.0pt.
[1


]
latex2htmlSize :tex2html_wrap_inline866: 7.60416pt::0.0pt.
[2

]
latex2htmlSize :tex2html_wrap_inline868: 8.2125pt::2.73749pt.
[3

] [4

] [5

]
latex2htmlSize :tex2html_wrap_inline886: 7.60416pt::0.0pt.
[6

] [7

]
latex2htmlSize :tex2html_wrap_inline888: 8.2125pt::2.73749pt.
[8

]
latex2htmlSize :tex2html_wrap_inline890: 7.48248pt::2.12917pt.
[9

]
latex2htmlSize :tex2html_wrap_inline892: 7.48248pt::1.695pt.
[10

]
latex2htmlSize :tex2html_wrap_inline894: 7.48248pt::1.695pt.
[11

]
latex2htmlSize :tex2html_wrap_inline896: 8.2125pt::2.73749pt.
[12

]
latex2htmlSize :tex2html_wrap_inline898: 7.48248pt::1.695pt.
[13

]
latex2htmlSize :tex2html_wrap_inline900: 7.60416pt::2.12917pt.
[14

]
latex2htmlSize :tex2html_wrap_inline902: 7.48248pt::1.695pt.
[15

]
latex2htmlSize :tex2html_wrap_inline904: 8.2125pt::2.73749pt.
[16

]
latex2htmlSize :tex2html_wrap_inline906: 7.60416pt::0.0pt.
[17

]
latex2htmlSize :tex2html_wrap_inline908: 8.2125pt::2.73749pt.
[18

]
latex2htmlSize :tex2html_wrap_inline910: 7.60416pt::0.0pt.
[19

] [20]
latex2htmlSize :tex2html_wrap_inline912: 7.60416pt::0.0pt.
[21


] (images.aux) ) 
Here is how much of TeX's memory you used:
 659 strings out of 10910
 6508 string characters out of 72284
 48031 words of memory out of 262141
 3527 multiletter control sequences out of 9500
 22500 words of font info for 84 fonts, out of 150000 for 255
 14 hyphenation exceptions out of 607
 21i,14n,20p,311b,258s stack positions out of 300i,40n,60p,3000b,4000s

Output written on images.dvi (21 pages, 3656 bytes).
