This is pdfTeXk, Version 3.1415926-1.40.9 (Web2C 7.5.7) (format=pdflatex 2008.8.22)  23 JUN 2009 09:27
entering extended mode
 %&-line parsing enabled.
**paper.tex
(./paper.tex
LaTeX2e <2005/12/01>
Babel <v3.8l> and hyphenation patterns for english, usenglishmax, dumylang, noh
yphenation, german-x-2008-06-18, ngerman-x-2008-06-18, ancientgreek, ibycus, ar
abic, basque, bulgarian, catalan, pinyin, coptic, croatian, czech, danish, dutc
h, esperanto, estonian, farsi, finnish, french, galician, german, ngerman, mono
greek, greek, hungarian, icelandic, indonesian, interlingua, irish, italian, la
tin, mongolian, mongolian2a, bokmal, nynorsk, polish, portuguese, romanian, rus
sian, sanskrit, serbian, slovak, slovenian, spanish, swedish, turkish, ukenglis
h, ukrainian, uppersorbian, welsh, loaded.
(./INCLUDES/llncs.cls

LaTeX Warning: You have requested document class `INCLUDES/llncs',
               but the document class provides `llncs'.

Document Class: llncs 2004/08/17 v2.14 
 LaTeX document class for Lecture Notes in Computer Science
(/usr/local/texlive/2008/texmf-dist/tex/latex/base/article.cls
Document Class: article 2005/09/16 v1.4f Standard LaTeX document class
(/usr/local/texlive/2008/texmf-dist/tex/latex/base/size10.clo
File: size10.clo 2005/09/16 v1.4f Standard LaTeX file (size option)
)
\c@part=\count79
\c@section=\count80
\c@subsection=\count81
\c@subsubsection=\count82
\c@paragraph=\count83
\c@subparagraph=\count84
\c@figure=\count85
\c@table=\count86
\abovecaptionskip=\skip41
\belowcaptionskip=\skip42
\bibindent=\dimen102
)
(/usr/local/texlive/2008/texmf-dist/tex/latex/tools/multicol.sty
Package: multicol 2006/05/18 v1.6g multicolumn formatting (FMi)
\c@tracingmulticols=\count87
\mult@box=\box26
\multicol@leftmargin=\dimen103
\c@unbalance=\count88
\c@collectmore=\count89
\doublecol@number=\count90
\multicoltolerance=\count91
\multicolpretolerance=\count92
\full@width=\dimen104
\page@free=\dimen105
\premulticols=\dimen106
\postmulticols=\dimen107
\multicolsep=\skip43
\multicolbaselineskip=\skip44
\partial@page=\box27
\last@line=\box28
\mult@rightbox=\box29
\mult@grightbox=\box30
\mult@gfirstbox=\box31
\mult@firstbox=\box32
\@tempa=\box33
\@tempa=\box34
\@tempa=\box35
\@tempa=\box36
\@tempa=\box37
\@tempa=\box38
\@tempa=\box39
\@tempa=\box40
\@tempa=\box41
\@tempa=\box42
\@tempa=\box43
\@tempa=\box44
\@tempa=\box45
\@tempa=\box46
\@tempa=\box47
\@tempa=\box48
\@tempa=\box49
\c@columnbadness=\count93
\c@finalcolumnbadness=\count94
\last@try=\dimen108
\multicolovershoot=\dimen109
\multicolundershoot=\dimen110
\mult@nat@firstbox=\box50
\colbreak@box=\box51
)
\c@chapter=\count95
LaTeX Font Info:    Redeclaring math symbol \Gamma on input line 360.
LaTeX Font Info:    Redeclaring math symbol \Delta on input line 361.
LaTeX Font Info:    Redeclaring math symbol \Theta on input line 362.
LaTeX Font Info:    Redeclaring math symbol \Lambda on input line 363.
LaTeX Font Info:    Redeclaring math symbol \Xi on input line 364.
LaTeX Font Info:    Redeclaring math symbol \Pi on input line 365.
LaTeX Font Info:    Redeclaring math symbol \Sigma on input line 366.
LaTeX Font Info:    Redeclaring math symbol \Upsilon on input line 367.
LaTeX Font Info:    Redeclaring math symbol \Phi on input line 368.
LaTeX Font Info:    Redeclaring math symbol \Psi on input line 369.
LaTeX Font Info:    Redeclaring math symbol \Omega on input line 370.
\tocchpnum=\dimen111
\tocsecnum=\dimen112
\tocsectotal=\dimen113
\tocsubsecnum=\dimen114
\tocsubsectotal=\dimen115
\tocsubsubsecnum=\dimen116
\tocsubsubsectotal=\dimen117
\tocparanum=\dimen118
\tocparatotal=\dimen119
\tocsubparanum=\dimen120
\@tempcntc=\count96
\fnindent=\dimen121
\c@@inst=\count97
\c@@auth=\count98
\c@auco=\count99
\instindent=\dimen122
\authrun=\box52
\authorrunning=\toks14
\tocauthor=\toks15
\titrun=\box53
\titlerunning=\toks16
\toctitle=\toks17
\c@theorem=\count100
\c@case=\count101
\c@conjecture=\count102
\c@corollary=\count103
\c@definition=\count104
\c@example=\count105
\c@exercise=\count106
\c@lemma=\count107
\c@note=\count108
\c@problem=\count109
\c@property=\count110
\c@proposition=\count111
\c@question=\count112
\c@solution=\count113
\c@remark=\count114
\headlineindent=\dimen123
)
(./TOOLS/dcpic.sty
Package DCpic 2002/05/16 v4.0
\aux=\count115
\auxa=\count116
\auxb=\count117
\m=\count118
\n=\count119
\x=\count120
\y=\count121
\xl=\count122
\yl=\count123
\d=\count124
\dnm=\count125
\xa=\count126
\xb=\count127
\xmed=\count128
\xc=\count129
\xd=\count130
\ya=\count131
\yb=\count132
\ymed=\count133
\yc=\count134
\yd=\count135
\expansao=\count136
\tipografo=\count137
\distanciaobjmor=\count138
\tipoarco=\count139
\caixa=\box54
\caixaaux=\box55
\xaux=\count140
\yaux=\count141
\guardaauxa=\count142
\alt=\count143
\larg=\count144
\prof=\count145
\auxqx=\count146
\auxqy=\count147
) (/usr/local/texlive/2008/texmf-dist/tex/generic/pictex/pictexwd.sty
(/usr/local/texlive/2008/texmf-dist/tex/generic/pictex/prepictex.tex)
(/usr/local/texlive/2008/texmf-dist/tex/generic/pictex/pictexwd.tex)
(/usr/local/texlive/2008/texmf-dist/tex/generic/pictex/postpictex.tex)
(/usr/local/texlive/2008/texmf-dist/tex/generic/pictex/picmore.tex)
(/usr/local/texlive/2008/texmf-dist/tex/generic/pictex/piccorr.sty))
(/usr/local/texlive/2008/texmf-dist/tex/latex/amsfonts/amsfonts.sty
Package: amsfonts 2001/10/25 v2.2f
\@emptytoks=\toks21
\symAMSa=\mathgroup4
\symAMSb=\mathgroup5
LaTeX Font Info:    Overwriting math alphabet `\mathfrak' in version `bold'
(Font)                  U/euf/m/n --> U/euf/b/n on input line 132.
)
(/usr/local/texlive/2008/texmf-dist/tex/latex/amsmath/amsmath.sty
Package: amsmath 2000/07/18 v2.13 AMS math features
\@mathmargin=\skip71

For additional information on amsmath, use the `?' option.
(/usr/local/texlive/2008/texmf-dist/tex/latex/amsmath/amstext.sty
Package: amstext 2000/06/29 v2.01

(/usr/local/texlive/2008/texmf-dist/tex/latex/amsmath/amsgen.sty
File: amsgen.sty 1999/11/30 v2.0
\@emptytoks=\toks22
\ex@=\dimen201
))
(/usr/local/texlive/2008/texmf-dist/tex/latex/amsmath/amsbsy.sty
Package: amsbsy 1999/11/29 v1.2d
\pmbraise@=\dimen202
)
(/usr/local/texlive/2008/texmf-dist/tex/latex/amsmath/amsopn.sty
Package: amsopn 1999/12/14 v2.01 operator names
)
\inf@bad=\count163
LaTeX Info: Redefining \frac on input line 211.
\uproot@=\count164
\leftroot@=\count165
LaTeX Info: Redefining \overline on input line 307.
\classnum@=\count166
\DOTSCASE@=\count167
LaTeX Info: Redefining \ldots on input line 379.
LaTeX Info: Redefining \dots on input line 382.
LaTeX Info: Redefining \cdots on input line 467.
\Mathstrutbox@=\box62
\strutbox@=\box63
\big@size=\dimen203
LaTeX Font Info:    Redeclaring font encoding OML on input line 567.
LaTeX Font Info:    Redeclaring font encoding OMS on input line 568.


Package amsmath Warning: Unable to redefine math accent \vec.

\macc@depth=\count168
\c@MaxMatrixCols=\count169
\dotsspace@=\muskip10
\c@parentequation=\count170
\dspbrk@lvl=\count171
\tag@help=\toks23
\row@=\count172
\column@=\count173
\maxfields@=\count174
\andhelp@=\toks24
\eqnshift@=\dimen204
\alignsep@=\dimen205
\tagshift@=\dimen206
\tagwidth@=\dimen207
\totwidth@=\dimen208
\lineht@=\dimen209
\@envbody=\toks25
\multlinegap=\skip72
\multlinetaggap=\skip73
\mathdisplay@stack=\toks26
LaTeX Info: Redefining \[ on input line 2666.
LaTeX Info: Redefining \] on input line 2667.
) (./TOOLS/jhheader.tex
(/usr/local/texlive/2008/texmf-dist/tex/latex/graphics/graphicx.sty
Package: graphicx 1999/02/16 v1.0f Enhanced LaTeX Graphics (DPC,SPQR)

(/usr/local/texlive/2008/texmf-dist/tex/latex/graphics/keyval.sty
Package: keyval 1999/03/16 v1.13 key=value parser (DPC)
\KV@toks@=\toks27
)
(/usr/local/texlive/2008/texmf-dist/tex/latex/graphics/graphics.sty
Package: graphics 2006/02/20 v1.0o Standard LaTeX Graphics (DPC,SPQR)

(/usr/local/texlive/2008/texmf-dist/tex/latex/graphics/trig.sty
Package: trig 1999/03/16 v1.09 sin cos tan (DPC)
)
(/usr/local/texlive/2008/texmf/tex/latex/config/graphics.cfg
File: graphics.cfg 2007/01/18 v1.5 graphics configuration of teTeX/TeXLive
)
Package graphics Info: Driver file: pdftex.def on input line 90.

(/usr/local/texlive/2008/texmf-dist/tex/latex/pdftex-def/pdftex.def
File: pdftex.def 2008/07/16 v0.04k Graphics/color for pdfTeX
\Gread@gobject=\count175
))
\Gin@req@height=\dimen210
\Gin@req@width=\dimen211
)
(/usr/local/texlive/2008/texmf-dist/tex/latex/subfig/subfig.sty
Package: subfig 2005/06/28 ver: 1.3 subfig package

(/usr/local/texlive/2008/texmf-dist/tex/latex/caption/caption.sty
Package: caption 2008/04/01 v3.1h Customizing captions (AR)

(/usr/local/texlive/2008/texmf-dist/tex/latex/caption/caption3.sty
Package: caption3 2008/03/20 v3.1h caption3 kernel (AR)
\captionmargin=\dimen212
\captionmargin@=\dimen213
\captionwidth=\dimen214
\caption@indent=\dimen215
\caption@parindent=\dimen216
\caption@hangindent=\dimen217
Package caption Info: Unknown document class (or package),
(caption)             standard defaults will be used on input line 1024.
)

Package caption Warning: Unsupported document class (or package) detected,
(caption)                usage of the caption package is not recommended.

Package caption Info: \@makecaption = \long macro:#1#2->\vskip \abovecaptionski
p \sbox \@tempboxa {{\bfseries #1.} #2}\ifdim \wd \@tempboxa >\hsize {\bfseries
 #1.} #2\par \else \global \@minipagefalse \hb@xt@ \hsize {\hfil \box \@tempbox
a \hfil }\fi \vskip \belowcaptionskip .
\c@ContinuedFloat=\count176
)
\c@KVtest=\count177
\sf@farskip=\skip74
\sf@captopadj=\dimen218
\sf@capskip=\skip75
\sf@nearskip=\skip76
\c@subfigure=\count178
\c@subfigure@save=\count179
\c@lofdepth=\count180
\c@subtable=\count181
\c@subtable@save=\count182
\c@lotdepth=\count183
\sf@top=\skip77
\sf@bottom=\skip78
) (/usr/local/texlive/2008/texmf-dist/tex/latex/ltxmisc/url.sty
\Urlmuskip=\muskip11
Package: url 2006/04/12  ver 3.3  Verb mode for urls, etc.
)
(/usr/local/texlive/2008/texmf-dist/tex/latex/tools/verbatim.sty
Package: verbatim 2003/08/22 v1.5q LaTeX2e package for verbatim enhancements
\every@verbatim=\toks28
\verbatim@line=\toks29
\verbatim@in@stream=\read1
)
(/usr/local/texlive/2008/texmf-dist/tex/latex/listings/listings.sty
\lst@mode=\count184
\lst@gtempboxa=\box64
\lst@token=\toks30
\lst@length=\count185
\lst@currlwidth=\dimen219
\lst@column=\count186
\lst@pos=\count187
\lst@lostspace=\dimen220
\lst@width=\dimen221
\lst@newlines=\count188
\lst@lineno=\count189
\lst@maxwidth=\dimen222

(/usr/local/texlive/2008/texmf-dist/tex/latex/listings/lstmisc.sty
File: lstmisc.sty 2007/02/22 1.4 (Carsten Heinz)
\c@lstnumber=\count190
\lst@skipnumbers=\count191
\lst@framebox=\box65
)
(/usr/local/texlive/2008/texmf-dist/tex/latex/listings/listings.cfg
File: listings.cfg 2007/02/22 1.4 listings configuration
))
Package: listings 2007/02/22 1.4 (Carsten Heinz)

(/usr/local/texlive/2008/texmf-dist/tex/latex/listings/lstlang1.sty
File: lstlang1.sty 2004/09/05 1.3 listings language file
)
(/usr/local/texlive/2008/texmf-dist/tex/latex/listings/lstlang2.sty
File: lstlang2.sty 2004/09/05 1.3 listings language file
)
\c@prop=\count192
\c@conj=\count193
\c@fact=\count194
\c@df=\count195
\c@lem=\count196
\c@ex=\count197
)
(./paper.aux)
\openout1 = `paper.aux'.

LaTeX Font Info:    Checking defaults for OML/cmm/m/it on input line 34.
LaTeX Font Info:    ... okay on input line 34.
LaTeX Font Info:    Checking defaults for T1/cmr/m/n on input line 34.
LaTeX Font Info:    ... okay on input line 34.
LaTeX Font Info:    Checking defaults for OT1/cmr/m/n on input line 34.
LaTeX Font Info:    ... okay on input line 34.
LaTeX Font Info:    Checking defaults for OMS/cmsy/m/n on input line 34.
LaTeX Font Info:    ... okay on input line 34.
LaTeX Font Info:    Checking defaults for OMX/cmex/m/n on input line 34.
LaTeX Font Info:    ... okay on input line 34.
LaTeX Font Info:    Checking defaults for U/cmr/m/n on input line 34.
LaTeX Font Info:    ... okay on input line 34.
 (/usr/local/texlive/2008/texmf-dist/tex/context/base/supp-pdf.tex
[Loading MPS to PDF converter (version 2006.09.02).]
\scratchcounter=\count198
\scratchdimen=\dimen223
\scratchbox=\box66
\nofMPsegments=\count199
\nofMParguments=\count200
\everyMPshowfont=\toks31
\MPscratchCnt=\count201
\MPscratchDim=\dimen224
\MPnumerator=\count202
\everyMPtoPDFconversion=\toks32
)
Package caption Info: Begin \AtBeginDocument code.
Package caption3 Info: subfig package 1.2 or 1.3 is loaded.
LaTeX Info: Redefining \subref on input line 34.
Package caption Info: listings package is loaded.
Package caption Info: End \AtBeginDocument code.
\c@lstlisting=\count203
LaTeX Font Info:    Try loading font information for U+msa on input line 35.
 (/usr/local/texlive/2008/texmf-dist/tex/latex/amsfonts/umsa.fd
File: umsa.fd 2002/01/19 v2.2g AMS font definitions
)
LaTeX Font Info:    Try loading font information for U+msb on input line 35.

(/usr/local/texlive/2008/texmf-dist/tex/latex/amsfonts/umsb.fd
File: umsb.fd 2002/01/19 v2.2g AMS font definitions
)
Overfull \hbox (0.97133pt too wide) in paragraph at lines 39--48
\OT1/cmr/m/n/9 frame-work of \OT1/cmr/m/it/9 iso-mor-phisms \OT1/cmr/m/n/9 be-t
ween el-e-men-tary data types (nat-u-ral num-
 []


Overfull \hbox (2.51392pt too wide) in paragraph at lines 84--97
[]\OT1/cmr/bx/n/9 Keywords\OT1/cmr/m/n/9 : \OT1/cmr/m/it/9 Haskell data rep-re-
sen-ta-tions, data type iso-mor-phisms, declar-
 []

[1

{/usr/local/texlive/2008/texmf-var/fonts/map/pdftex/updmap/pdftex.map}]
[2] [3]
Overfull \hbox (8.2358pt too wide) in paragraph at lines 289--296
[]\OT1/cmr/m/n/10 We can see the com-bi-na-tors \OT1/cmtt/m/n/10 from, to, comp
ose, itself, invert, borrow,
 []

[4] [5] [6] [7] [8] [9] [10] [11] [12] [13]
<./figs/isoProdN.pdf, id=62, 849.1725pt x 596.2275pt>
File: ./figs/isoProdN.pdf Graphic file (type pdf)

<use ./figs/isoProdN.pdf>
<./figs/isoMprodN.pdf, id=63, 849.1725pt x 596.2275pt>
File: ./figs/isoMprodN.pdf Graphic file (type pdf)

<use ./figs/isoMprodN.pdf>
<./figs/isoExpMexp.pdf, id=64, 849.1725pt x 596.2275pt>
File: ./figs/isoExpMexp.pdf Graphic file (type pdf)

<use ./figs/isoExpMexp.pdf>
Overfull \hbox (1.59901pt too wide) in paragraph at lines 978--981
\OT1/cmr/m/n/10 Interestingly, \OT1/cmtt/m/n/10 mprod' \OT1/cmr/m/n/10 co-in-ci
des with or-di-nary mul-ti-pli-ca-tion if one of the operands
 []

<./figs/isoMdivP.pdf, id=65, 849.1725pt x 596.2275pt>
File: ./figs/isoMdivP.pdf Graphic file (type pdf)

<use ./figs/isoMdivP.pdf> [14] [15 <./figs/isoProdN.pdf> <./figs/isoMprodN.pdf>
] [16 <./figs/isoExpMexp.pdf> <./figs/isoMdivP.pdf>] [17] [18] [19] [20]
[21] [22] [23] [24] <./figs/isof1.pdf, id=116, 461.725pt x 333.245pt>
File: ./figs/isof1.pdf Graphic file (type pdf)

<use ./figs/isof1.pdf> <./figs/isof2.pdf, id=117, 329.23pt x 224.84pt>
File: ./figs/isof2.pdf Graphic file (type pdf)

<use ./figs/isof2.pdf> [25] [26 <./figs/isof1.pdf> <./figs/isof2.pdf>] [27]
Overfull \hbox (6.45863pt too wide) in paragraph at lines 1621--1625
[]\OT1/cmr/m/n/10 The fol-low-ing propo-si-tion de-scribes con-di-tions un-der 
which \OT1/cmtt/m/n/10 rankU \OT1/cmr/m/n/10 and \OT1/cmtt/m/n/10 unrankU
 []

[28] [29] [30] [31] [32] [33]
<./figs/isof3.pdf, id=167, 419.5675pt x 405.515pt>
File: ./figs/isof3.pdf Graphic file (type pdf)
 <use ./figs/isof3.pdf>
<./figs/isof4.pdf, id=168, 419.5675pt x 405.515pt>
File: ./figs/isof4.pdf Graphic file (type pdf)
 <use ./figs/isof4.pdf>
[34 <./figs/isof3.pdf>]
Overfull \hbox (21.42218pt too wide) in paragraph at lines 1994--1995
[][][] 
 []

[35 <./figs/isof4.pdf>] [36]
<./figs/isohb.pdf, id=196, 306.14375pt x 224.84pt>
File: ./figs/isohb.pdf Graphic file (type pdf)
 <use ./figs/isohb.pdf>
[37] <./figs/isohb1.pdf, id=201, 306.14375pt x 224.84pt>
File: ./figs/isohb1.pdf Graphic file (type pdf)

<use ./figs/isohb1.pdf> [38 <./figs/isohb.pdf> <./figs/isohb1.pdf>] [39]
<./figs/isosqbase.pdf, id=226, 294.09875pt x 315.1775pt>
File: ./figs/isosqbase.pdf Graphic file (type pdf)

<use ./figs/isosqbase.pdf> [40 <./figs/isosqbase.pdf>] [41] [42]
Overfull \hbox (52.71297pt too wide) in paragraph at lines 2343--2346
\OT1/cmr/m/n/10 Interestingly enough, \OT1/cmtt/m/n/10 hpair/hunpair \OT1/cmr/m
/n/10 turns out to be iden-ti-cal to \OT1/cmtt/m/n/10 pepis[]pair/pepis[]unpair
\OT1/cmr/m/n/10 ,
 []

[43] <./figs/iso2008p.pdf, id=249, 256.96pt x 586.19pt>
File: ./figs/iso2008p.pdf Graphic file (type pdf)

<use ./figs/iso2008p.pdf> <./figs/iso2008b.pdf, id=250, 212.795pt x 405.515pt>
File: ./figs/iso2008b.pdf Graphic file (type pdf)

<use ./figs/iso2008b.pdf>
<./figs/isounpair1.pdf, id=251, 849.1725pt x 596.2275pt>
File: ./figs/isounpair1.pdf Graphic file (type pdf)

<use ./figs/isounpair1.pdf>
<./figs/isounpair2.pdf, id=252, 849.1725pt x 596.2275pt>
File: ./figs/isounpair2.pdf Graphic file (type pdf)

<use ./figs/isounpair2.pdf>
<./figs/isof6.pdf, id=253, 849.1725pt x 596.2275pt>
File: ./figs/isof6.pdf Graphic file (type pdf)
 <use ./figs/isof6.pdf>
[44 <./figs/iso2008p.pdf>] [45 <./figs/iso2008b.pdf> <./figs/isounpair1.pdf>]
[46 <./figs/isounpair2.pdf> <./figs/isof6.pdf>] [47]
<./figs/isounpair3.pdf, id=296, 849.1725pt x 596.2275pt>
File: ./figs/isounpair3.pdf Graphic file (type pdf)

<use ./figs/isounpair3.pdf>
Overfull \hbox (16.69724pt too wide) in paragraph at lines 2510--2511
[][][] 
 []

[48 <./figs/isounpair3.pdf>]
<./figs/isozunpair.pdf, id=304, 849.1725pt x 596.2275pt>
File: ./figs/isozunpair.pdf Graphic file (type pdf)

<use ./figs/isozunpair.pdf> [49 <./figs/isozunpair.pdf>]
<./figs/isogsum.pdf, id=313, 849.1725pt x 596.2275pt>
File: ./figs/isogsum.pdf Graphic file (type pdf)
 <use ./figs/isogsum.pdf>
<./figs/isogdif.pdf, id=314, 849.1725pt x 596.2275pt>
File: ./figs/isogdif.pdf Graphic file (type pdf)
 <use ./figs/isogdif.pdf>
<./figs/isogprod.pdf, id=315, 849.1725pt x 596.2275pt>
File: ./figs/isogprod.pdf Graphic file (type pdf)

<use ./figs/isogprod.pdf> [50] [51 <./figs/isogsum.pdf> <./figs/isogdif.pdf>]
[52 <./figs/isogprod.pdf>] [53] [54] [55] [56] [57] [58] [59] [60] [61]
[62] [63] [64] [65] [66] [67] [68] [69]
Overfull \hbox (3.00581pt too wide) in paragraph at lines 3650--3655
\OT1/cmr/m/n/10 Given that cor-rect-ness of the range of \OT1/cmtt/m/n/10 tt \O
T1/cmr/m/n/10 has been checked, the func-tion \OT1/cmtt/m/n/10 to[]mtbdd[]
 []


Overfull \hbox (20.45627pt too wide) in paragraph at lines 3650--3655
\OT1/cmr/m/n/10 ap-plies \OT1/cmtt/m/n/10 bitmerge[]unpair \OT1/cmr/m/n/10 re-c
ur-sively up to depth $\OML/cmm/m/it/10 n$\OT1/cmr/m/n/10 , where leaves in ran
ge $[0\OML/cmm/m/it/10 ::mlimit \OMS/cmsy/m/n/10 ^^@
 []

[70] [71] [72] [73] [74] <./figs/isot42.pdf, id=409, 140.525pt x 224.84pt>
File: ./figs/isot42.pdf Graphic file (type pdf)

<use ./figs/isot42.pdf>
<./figs/isot2008.pdf, id=410, 191.71625pt x 315.1775pt>
File: ./figs/isot2008.pdf Graphic file (type pdf)

<use ./figs/isot2008.pdf> [75 <./figs/isot42.pdf> <./figs/isot2008.pdf>]
[76] <./figs/pairprim3.pdf, id=435, 614.295pt x 794.97pt>
File: ./figs/pairprim3.pdf Graphic file (type pdf)

<use ./figs/pairprim3.pdf> [77] [78 <./figs/pairprim3.pdf>]
<./figs/klp32.pdf, id=446, 849.1725pt x 596.2275pt>
File: ./figs/klp32.pdf Graphic file (type pdf)
 <use ./figs/klp32.pdf>
<./figs/uklp238.pdf, id=447, 849.1725pt x 596.2275pt>
File: ./figs/uklp238.pdf Graphic file (type pdf)
 <use ./figs/uklp238.pdf>
Underfull \vbox (badness 4686) has occurred while \output is active []

 [79 <./figs/klp32.pdf> <./figs/uklp238.pdf>]
<./figs/isof5.pdf, id=460, 144.54pt x 260.975pt>
File: ./figs/isof5.pdf Graphic file (type pdf)
 <use ./figs/isof5.pdf>
<./figs/isopviz17.pdf, id=461, 80.3pt x 116.435pt>
File: ./figs/isopviz17.pdf Graphic file (type pdf)
 <use ./figs/isopviz17.pdf>
<./figs/isoeviz17.pdf, id=462, 134.5025pt x 116.435pt>
File: ./figs/isoeviz17.pdf Graphic file (type pdf)

<use ./figs/isoeviz17.pdf>
<./figs/isopepisg2008.pdf, id=463, 279.0425pt x 116.435pt>
File: ./figs/isopepisg2008.pdf Graphic file (type pdf)

<use ./figs/isopepisg2008.pdf> [80] [81 <./figs/isof5.pdf> <./figs/isopviz17.pd
f> <./figs/isoeviz17.pdf> <./figs/isopepisg2008.pdf>]
<./figs/isomdigraph.pdf, id=506, 294.09875pt x 136.51pt>
File: ./figs/isomdigraph.pdf Graphic file (type pdf)

<use ./figs/isomdigraph.pdf> [82] [83 <./figs/isomdigraph.pdf>]
<./figs/isobi.pdf, id=522, 568.1225pt x 116.435pt>
File: ./figs/isobi.pdf Graphic file (type pdf)
 <use ./figs/isobi.pdf>
[84 <./figs/isobi.pdf>] <./figs/isoigraph.pdf, id=535, 246.9225pt x 333.245pt>
File: ./figs/isoigraph.pdf Graphic file (type pdf)

<use ./figs/isoigraph.pdf> [85 <./figs/isoigraph.pdf>]
Overfull \hbox (21.42218pt too wide) in paragraph at lines 4337--4338
[][][] 
 []

<./figs/isodigraph.pdf, id=549, 134.5025pt x 188.705pt>
File: ./figs/isodigraph.pdf Graphic file (type pdf)

<use ./figs/isodigraph.pdf>
<./figs/isodag.pdf, id=550, 162.6075pt x 260.975pt>
File: ./figs/isodag.pdf Graphic file (type pdf)
 <use ./figs/isodag.pdf>
[86]
File: ./figs/isodag.pdf Graphic file (type pdf)
 <use ./figs/isodag.pdf>
<./figs/isokdag2.pdf, id=554, 317.185pt x 188.705pt>
File: ./figs/isokdag2.pdf Graphic file (type pdf)
 <use ./figs/isokdag2.pdf>
<./figs/isokdag3.pdf, id=555, 495.8525pt x 188.705pt>
File: ./figs/isokdag3.pdf Graphic file (type pdf)

<use ./figs/isokdag3.pdf>
<./figs/isokdag4.pdf, id=556, 568.1225pt x 116.435pt>
File: ./figs/isokdag4.pdf Graphic file (type pdf)

<use ./figs/isokdag4.pdf> [87 <./figs/isodigraph.pdf> <./figs/isodag.pdf>]
[88 <./figs/isokdag2.pdf> <./figs/isokdag3.pdf> <./figs/isokdag4.pdf>]
<./figs/isomdag.pdf, id=608, 308.15125pt x 224.84pt>
File: ./figs/isomdag.pdf Graphic file (type pdf)
 <use ./figs/isomdag.pdf>
[89 <./figs/isomdag.pdf>] [90] [91] [92]
Overfull \hbox (97.0213pt too wide) in paragraph at lines 4666--4667
[][][][][] 
 []

[93] [94] <./figs/isof7.pdf, id=637, 849.1725pt x 596.2275pt>
File: ./figs/isof7.pdf Graphic file (type pdf)

<use ./figs/isof7.pdf> [95] [96 <./figs/isof7.pdf>] [97] [98]
<./figs/hffHill.pdf, id=655, 849.1725pt x 596.2275pt>
File: ./figs/hffHill.pdf Graphic file (type pdf)
 <use ./figs/hffHill.pdf>
<./figs/hfmHill.pdf, id=656, 849.1725pt x 596.2275pt>
File: ./figs/hfmHill.pdf Graphic file (type pdf)
 <use ./figs/hfmHill.pdf>
<./figs/hfsHill.pdf, id=657, 849.1725pt x 596.2275pt>
File: ./figs/hfsHill.pdf Graphic file (type pdf)
 <use ./figs/hfsHill.pdf>
<./figs/hfpHill.pdf, id=658, 849.1725pt x 596.2275pt>
File: ./figs/hfpHill.pdf Graphic file (type pdf)
 <use ./figs/hfpHill.pdf>
[99] [100 <./figs/hffHill.pdf> <./figs/hfmHill.pdf>] [101 <./figs/hfsHill.pdf> 
<./figs/hfpHill.pdf>] [102]
<./figs/isoInvert.pdf, id=687, 849.1725pt x 596.2275pt>
File: ./figs/isoInvert.pdf Graphic file (type pdf)

<use ./figs/isoInvert.pdf>
<./figs/isoDual.pdf, id=688, 849.1725pt x 596.2275pt>
File: ./figs/isoDual.pdf Graphic file (type pdf)
 <use ./figs/isoDual.pdf>
[103] [104 <./figs/isoInvert.pdf> <./figs/isoDual.pdf>]
Overfull \hbox (30.87207pt too wide) in paragraph at lines 5194--5195
[][][][] 
 []

[105] [106] [107] [108] [109] [110] [111] [112] [113] [114]
<./figs/isof8.pdf, id=735, 849.1725pt x 596.2275pt>
File: ./figs/isof8.pdf Graphic file (type pdf)
 <use ./figs/isof8.pdf>
<./figs/isof9.pdf, id=736, 849.1725pt x 596.2275pt>
File: ./figs/isof9.pdf Graphic file (type pdf)
 <use ./figs/isof9.pdf>
<./figs/isof10.pdf, id=737, 849.1725pt x 596.2275pt>
File: ./figs/isof10.pdf Graphic file (type pdf)
 <use ./figs/isof10.pdf>
[115] [116 <./figs/isof8.pdf> <./figs/isof9.pdf>] [117 <./figs/isof10.pdf>]
<./figs/isof11a.pdf, id=760, 849.1725pt x 596.2275pt>
File: ./figs/isof11a.pdf Graphic file (type pdf)
 <use ./figs/isof11a.pdf>
<./figs/isof11.pdf, id=761, 849.1725pt x 596.2275pt>
File: ./figs/isof11.pdf Graphic file (type pdf)
 <use ./figs/isof11.pdf>
<./figs/isof12.pdf, id=762, 849.1725pt x 596.2275pt>
File: ./figs/isof12.pdf Graphic file (type pdf)
 <use ./figs/isof12.pdf>
<./figs/isof14.pdf, id=763, 849.1725pt x 596.2275pt>
File: ./figs/isof14.pdf Graphic file (type pdf)
 <use ./figs/isof14.pdf>
[118] <./figs/isof15.pdf, id=767, 849.1725pt x 596.2275pt>
File: ./figs/isof15.pdf Graphic file (type pdf)

<use ./figs/isof15.pdf> [119 <./figs/isof11a.pdf>]
Overfull \hbox (26.14713pt too wide) in paragraph at lines 5935--5936
[][][][][][][][][][][][][][][][][][][][][][][][][][][][][][][][][] 
 []

<./figs/isoppairs.pdf, id=775, 849.1725pt x 596.2275pt>
File: ./figs/isoppairs.pdf Graphic file (type pdf)

<use ./figs/isoppairs.pdf> [120 <./figs/isof11.pdf>]
<./figs/isomsetprimes.pdf, id=783, 849.1725pt x 596.2275pt>
File: ./figs/isomsetprimes.pdf Graphic file (type pdf)

<use ./figs/isomsetprimes.pdf> [121 <./figs/isof12.pdf>] [122 <./figs/isof14.pd
f> <./figs/isof15.pdf>] [123 <./figs/isoppairs.pdf> <./figs/isomsetprimes.pdf>]
<./figs/isop1.pdf, id=814, 227.85126pt x 405.515pt>
File: ./figs/isop1.pdf Graphic file (type pdf)
 <use ./figs/isop1.pdf>
<./figs/isop2.pdf, id=815, 178.6675pt x 495.8525pt>
File: ./figs/isop2.pdf Graphic file (type pdf)
 <use ./figs/isop2.pdf>
<./figs/isoprimes.pdf, id=816, 849.1725pt x 596.2275pt>
File: ./figs/isoprimes.pdf Graphic file (type pdf)

<use ./figs/isoprimes.pdf>
<./figs/isohypers.pdf, id=817, 849.1725pt x 596.2275pt>
File: ./figs/isohypers.pdf Graphic file (type pdf)

<use ./figs/isohypers.pdf> [124 <./figs/isop1.pdf> <./figs/isop2.pdf>] [125 <./
figs/isoprimes.pdf> <./figs/isohypers.pdf>]
Overfull \hbox (16.69724pt too wide) in paragraph at lines 6039--6040
[][][] 
 []

<./figs/isofermat.pdf, id=850, 134.5025pt x 586.19pt>
File: ./figs/isofermat.pdf Graphic file (type pdf)

<use ./figs/isofermat.pdf>
<./figs/isonfermat.pdf, id=851, 181.67876pt x 586.19pt>
File: ./figs/isonfermat.pdf Graphic file (type pdf)

<use ./figs/isonfermat.pdf> [126

 <./figs/isofermat.pdf> <./figs/isonfermat.pdf>] [127] [128]
Underfull \vbox (badness 4752) has occurred while \output is active []

 [129]
(./paper.bbl [130] [131]
Underfull \hbox (badness 10000) in paragraph at lines 247--250
[]\OT1/cmr/m/n/9 Conal El-liott:  Data.Bijections Haskell Mod-ule
 []

[132]) [133]
Overfull \hbox (0.4603pt too wide) in paragraph at lines 6484--6486
\OT1/cmr/m/n/10 un-der the as-sump-tion that mul-ti-sets are rep-re-sented as n
on-decreasing se-quences. 
 []

[134]
Underfull \vbox (badness 2326) has occurred while \output is active []

 [135]
Overfull \hbox (1.82143pt too wide) in paragraph at lines 6602--6605
\OT1/cmr/m/n/10 The fol-low-ing func-tion rep-re-sents a num-ber as a set of tr
iplets ex-press-ing branches
 []

[136]
Overfull \hbox (1.82143pt too wide) in paragraph at lines 6627--6630
\OT1/cmr/m/n/10 The fol-low-ing func-tion rep-re-sents a num-ber as a set of tr
iplets ex-press-ing branches
 []


Overfull \hbox (68.67163pt too wide) in paragraph at lines 6664--6665
[][][] 
 []

[137]
Underfull \vbox (badness 3029) has occurred while \output is active []

 [138]
[139]
Underfull \vbox (badness 10000) has occurred while \output is active []

 [140]
Underfull \vbox (badness 10000) has occurred while \output is active []

 [141]
Underfull \vbox (badness 10000) has occurred while \output is active []

 [142]
[143]
Underfull \vbox (badness 10000) has occurred while \output is active []

 [144]
[145]
Overfull \hbox (26.14713pt too wide) in paragraph at lines 7135--7138
[][][][][][][][][][][][][][][][][][][][][][][][][][][][][][][] 
 []


Underfull \vbox (badness 10000) has occurred while \output is active []

 [146]
Underfull \vbox (badness 10000) has occurred while \output is active []

 [147]
Underfull \vbox (badness 10000) has occurred while \output is active []

 [148]
Overfull \hbox (2.5224pt too wide) in paragraph at lines 7269--7270
[][][][][][][][][][][][][][][][][][][][][][][][][][][][][][][][] 
 []


Underfull \vbox (badness 10000) has occurred while \output is active []

 [149]
[150] (./paper.aux) ) 
Here is how much of TeX's memory you used:
 5674 strings out of 493886
 78970 string characters out of 1151099
 211630 words of memory out of 3000000
 8804 multiletter control sequences out of 10000+50000
 18351 words of font info for 69 fonts, out of 3000000 for 5000
 714 hyphenation exceptions out of 8191
 45i,10n,51p,259b,1515s stack positions out of 5000i,500n,10000p,200000b,50000s
</usr/local/texlive/2008/texmf-dist/fonts/type1/bluesky/cm
/cmbx10.pfb></usr/local/texlive/2008/texmf-dist/fonts/type1/bluesky/cm/cmbx12.p
fb></usr/local/texlive/2008/texmf-dist/fonts/type1/bluesky/cm/cmbx9.pfb></usr/l
ocal/texlive/2008/texmf-dist/fonts/type1/bluesky/cm/cmex10.pfb></usr/local/texl
ive/2008/texmf-dist/fonts/type1/bluesky/cm/cmitt10.pfb></usr/local/texlive/2008
/texmf-dist/fonts/type1/bluesky/cm/cmmi10.pfb></usr/local/texlive/2008/texmf-di
st/fonts/type1/bluesky/cm/cmmi5.pfb></usr/local/texlive/2008/texmf-dist/fonts/t
ype1/bluesky/cm/cmmi7.pfb></usr/local/texlive/2008/texmf-dist/fonts/type1/blues
ky/cm/cmmi9.pfb></usr/local/texlive/2008/texmf-dist/fonts/type1/bluesky/cm/cmmi
b10.pfb></usr/local/texlive/2008/texmf-dist/fonts/type1/bluesky/cm/cmr10.pfb></
usr/local/texlive/2008/texmf-dist/fonts/type1/bluesky/cm/cmr5.pfb></usr/local/t
exlive/2008/texmf-dist/fonts/type1/bluesky/cm/cmr6.pfb></usr/local/texlive/2008
/texmf-dist/fonts/type1/bluesky/cm/cmr7.pfb></usr/local/texlive/2008/texmf-dist
/fonts/type1/bluesky/cm/cmr9.pfb></usr/local/texlive/2008/texmf-dist/fonts/type
1/bluesky/cm/cmsy10.pfb></usr/local/texlive/2008/texmf-dist/fonts/type1/bluesky
/cm/cmsy7.pfb></usr/local/texlive/2008/texmf-dist/fonts/type1/bluesky/cm/cmsy9.
pfb></usr/local/texlive/2008/texmf-dist/fonts/type1/bluesky/cm/cmti10.pfb></usr
/local/texlive/2008/texmf-dist/fonts/type1/bluesky/cm/cmti9.pfb></usr/local/tex
live/2008/texmf-dist/fonts/type1/bluesky/cm/cmtt10.pfb></usr/local/texlive/2008
/texmf-dist/fonts/type1/bluesky/cm/cmtt9.pfb></usr/local/texlive/2008/texmf-dis
t/fonts/type1/bluesky/ams/msbm10.pfb>
Output written on paper.pdf (150 pages, 7078691 bytes).
PDF statistics:
 1025 PDF objects out of 1200 (max. 8388607)
 0 named destinations out of 1000 (max. 131072)
 311 words of extra memory for PDF output out of 10000 (max. 10000000)

