This is TeX, Version 3.14159 (C version 6.1) (format=latex 96.10.25)  2 SEP 1997 21:37
**images.tex
(images.tex
LaTeX2e <1996/06/01>
Hyphenation patterns for english, german, loaded.

(/opt/teTeX/texmf/tex/latex/base/latex209.def
File: latex209.def 1996/05/21 v0.51 Standard LaTeX file
Entering LaTeX 2.09 compatibility mode.
\footheight=\dimen102
\@maxsep=\dimen103
\@dblmaxsep=\dimen104
\@cla=\count79
\@clb=\count80
\mscount=\count81
(/opt/teTeX/texmf/tex/latex/base/tracefnt.sty
Package: tracefnt 1996/05/08 v3.0h Standard LaTeX package (font tracing)
\tracingfonts=\count82
LaTeX Info: Redefining \selectfont on input line 139.
)
\symbold=\mathgroup4
\symsans=\mathgroup5
\symtypewriter=\mathgroup6
\symitalic=\mathgroup7
\symsmallcaps=\mathgroup8
\symslanted=\mathgroup9
LaTeX Font Info:    Redeclaring math alphabet \mathbf on input line 307.
LaTeX Font Info:    Redeclaring math alphabet \mathsf on input line 308.
LaTeX Font Info:    Redeclaring math alphabet \mathtt on input line 309.
LaTeX Font Info:    Redeclaring math alphabet \mathit on input line 315.
LaTeX Info: Redefining \em on input line 325.
(/opt/teTeX/texmf/tex/latex/base/latexsym.sty
Package: latexsym 1995/11/28 v2.2c Standard LaTeX package (lasy symbols)
\symlasy=\mathgroup10
LaTeX Font Info:    Overwriting symbol font `lasy' in version `bold'
(Font)                  U/lasy/m/n --> U/lasy/b/n on input line 86.
)
LaTeX Font Info:    Redeclaring math delimiter \lgroup on input line 389.
LaTeX Font Info:    Redeclaring math delimiter \rgroup on input line 391.
LaTeX Font Info:    Redeclaring math delimiter \bracevert on input line 393.
(/opt/teTeX/texmf/tex/latex/config/latex209.cfg (/opt/teTeX/texmf/tex/latex/too
ls/rawfonts.sty
Compatibility mode: package `' requested, but `rawfonts' provided.
Package: rawfonts 1994/05/08 Low-level LaTeX 2.09 font compatibility
(/opt/teTeX/texmf/tex/latex/tools/somedefs.sty
Package: somedefs 1994/06/01 Toolkit for optional definitions
)
LaTeX Font Info:    Try loading font information for U+lasy on input line 36.
(/opt/teTeX/texmf/tex/latex/base/Ulasy.fd
File: Ulasy.fd 1995/11/28 v2.2cLaTeX symbol font definitions
)))) (/opt/home/tarau/art/tmob/llncs.cls
Document Class: llncs 1996/07/25 v2.0 revision a - beta test 
LaTeX document class for Lecture Notes in Computer Science
(/opt/teTeX/texmf/tex/latex/base/article.cls
Document Class: article 1996/05/26 v1.3r Standard LaTeX document class
(/opt/teTeX/texmf/tex/latex/base/size10.clo
File: size10.clo 1996/05/26 v1.3r Standard LaTeX file (size option)
)
\c@part=\count83
\c@section=\count84
\c@subsection=\count85
\c@subsubsection=\count86
\c@paragraph=\count87
\c@subparagraph=\count88
\c@figure=\count89
\c@table=\count90
\abovecaptionskip=\skip41
\belowcaptionskip=\skip42
Compatibility mode: definition of \rm ignored.
Compatibility mode: definition of \sf ignored.
Compatibility mode: definition of \tt ignored.
Compatibility mode: definition of \bf ignored.
Compatibility mode: definition of \it ignored.
Compatibility mode: definition of \sl ignored.
Compatibility mode: definition of \sc ignored.
LaTeX Info: Redefining \cal on input line 543.
LaTeX Info: Redefining \mit on input line 544.
\bibindent=\dimen105
)
\c@chapter=\count91
LaTeX Font Info:    Redeclaring math symbol \Gamma on input line 144.
LaTeX Font Info:    Redeclaring math symbol \Delta on input line 145.
LaTeX Font Info:    Redeclaring math symbol \Theta on input line 146.
LaTeX Font Info:    Redeclaring math symbol \Lambda on input line 147.
LaTeX Font Info:    Redeclaring math symbol \Xi on input line 148.
LaTeX Font Info:    Redeclaring math symbol \Pi on input line 149.
LaTeX Font Info:    Redeclaring math symbol \Sigma on input line 150.
LaTeX Font Info:    Redeclaring math symbol \Upsilon on input line 151.
LaTeX Font Info:    Redeclaring math symbol \Phi on input line 152.
LaTeX Font Info:    Redeclaring math symbol \Psi on input line 153.
LaTeX Font Info:    Redeclaring math symbol \Omega on input line 154.
\tocchpnum=\dimen106
\tocsecnum=\dimen107
\tocsectotal=\dimen108
\tocsubsecnum=\dimen109
\tocsubsectotal=\dimen110
\tocsubsubsecnum=\dimen111
\tocsubsubsectotal=\dimen112
\tocparanum=\dimen113
\tocparatotal=\dimen114
\tocsubparanum=\dimen115
\@tempcntc=\count92
\c@@inst=\count93
\c@@auth=\count94
\c@auco=\count95
\instindent=\dimen116
\authrun=\box26
\authorrunning=\toks15
\tocauthor=\toks16
\titrun=\box27
\titlerunning=\toks17
\toctitle=\toks18
\c@theorem=\count96
\headlineindent=\dimen117
) (/opt/teTeX/texmf/tex/generic/dvips/epsf.sty (/opt/teTeX/texmf/tex/generic/dv
ips/epsf.tex
\epsffilein=\read1
\epsfxsize=\dimen118
\epsfysize=\dimen119
\epsftsize=\dimen120
\epsfrsize=\dimen121
\epsftmp=\dimen122
\pspoints=\dimen123
))
\lthtmlwrite=\write3
\sizebox=\box28
(images.aux)
LaTeX Font Info:    Checking defaults for OML/cmm/m/it on input line 83.
LaTeX Font Info:    ... okay on input line 83.
LaTeX Font Info:    Checking defaults for T1/cmr/m/n on input line 83.
LaTeX Font Info:    ... okay on input line 83.
LaTeX Font Info:    Checking defaults for OT1/cmr/m/n on input line 83.
LaTeX Font Info:    ... okay on input line 83.
LaTeX Font Info:    Checking defaults for OMS/cmsy/m/n on input line 83.
LaTeX Font Info:    ... okay on input line 83.
LaTeX Font Info:    Checking defaults for OMX/cmex/m/n on input line 83.
LaTeX Font Info:    ... okay on input line 83.
LaTeX Font Info:    Checking defaults for U/cmr/m/n on input line 83.
LaTeX Font Info:    ... okay on input line 83.
[1


] [2

] [3

]
LaTeX Font Info:    External font `cmex10' loaded for size
(Font)              <7> on input line 141.
LaTeX Font Info:    External font `cmex10' loaded for size
(Font)              <5> on input line 141.
latex2htmlSize :tex2html_wrap_inline814: 5.83333pt::0.83333pt.
[4

]
latex2htmlSize :tex2html_wrap_inline816: 3.01112pt::1.49998pt.
[5

]
latex2htmlSize :tex2html_wrap_inline818: 3.01112pt::1.49998pt.
[6

]
latex2htmlSize :tex2html_wrap_inline820: 3.01112pt::1.49998pt.
[7

]
latex2htmlSize :tex2html_wrap_inline822: 1.5139pt::1.49998pt.
[8

]
latex2htmlSize :tex2html_wrap_inline824: 3.01112pt::1.49998pt.
[9

]
latex2htmlSize :tex2html_wrap_inline826: 3.01112pt::1.49998pt.
[10

]
latex2htmlSize :tex2html_wrap_inline828: 1.5139pt::1.49998pt.
[11

]
latex2htmlSize :tex2html_wrap_inline830: 6.44444pt::1.94444pt.
[12

]
latex2htmlSize :tex2html_wrap_inline832: 3.01112pt::1.49998pt.
[13

]
latex2htmlSize :tex2html_wrap_inline834: 3.01112pt::1.49998pt.
[14

]
latex2htmlSize :tex2html_wrap_inline836: 3.01112pt::1.49998pt.
[15

]
latex2htmlSize :tex2html_wrap_inline838: 1.5139pt::1.49998pt.
[16

]
latex2htmlSize :tex2html_wrap_inline840: 5.83333pt::0.83333pt.
[17

]
latex2htmlSize :tex2html_wrap_inline842: 3.01112pt::1.49998pt.
[18

]
latex2htmlSize :tex2html_wrap_inline844: 3.01112pt::1.49998pt.
[19

]
latex2htmlSize :tex2html_wrap_inline846: 1.5139pt::1.49998pt.
[20

]
latex2htmlSize :tex2html_wrap_inline848: 3.01112pt::1.49998pt.
[21

]
latex2htmlSize :tex2html_wrap_inline850: 3.01112pt::1.49998pt.
[22

]
latex2htmlSize :tex2html_wrap_inline852: 1.5139pt::1.49998pt.
[23

]
latex2htmlSize :tex2html_wrap_inline854: 3.01112pt::1.49998pt.
[24

]
latex2htmlSize :tex2html_wrap_inline856: 1.5139pt::1.49998pt.
[25

]
latex2htmlSize :tex2html_wrap_inline858: 6.94444pt::0.0pt.
[26

]
latex2htmlSize :tex2html_wrap_inline860: 6.94444pt::0.0pt.
[27

]
latex2htmlSize :tex2html_wrap_inline862: 3.01112pt::1.49998pt.
[28

]
latex2htmlSize :tex2html_wrap_inline864: 3.01112pt::1.49998pt.
[29

]
latex2htmlSize :tex2html_wrap_inline866: 3.01112pt::1.49998pt.
[30

]
latex2htmlSize :tex2html_wrap_inline868: 3.01112pt::1.49998pt.
[31

]
latex2htmlSize :tex2html_wrap_inline870: 6.94444pt::0.0pt.
[32

]
latex2htmlSize :tex2html_wrap_inline872: 3.01112pt::1.49998pt.
[33

]
latex2htmlSize :tex2html_wrap_inline874: 3.01112pt::1.49998pt.
[34

]
latex2htmlSize :tex2html_wrap_inline876: 1.5139pt::1.49998pt.
[35

]
latex2htmlSize :tex2html_wrap_inline878: 3.01112pt::1.49998pt.
[36

]
latex2htmlSize :tex2html_wrap_inline880: 3.01112pt::1.49998pt.
[37

]
latex2htmlSize :tex2html_wrap_inline882: 1.5139pt::1.49998pt.
[38

]
latex2htmlSize :tex2html_wrap_inline884: 6.94444pt::0.0pt.
[39

]
latex2htmlSize :tex2html_wrap_inline886: 5.83333pt::0.83333pt.
[40

]
latex2htmlSize :tex2html_wrap_inline888: 5.83333pt::0.83333pt.
[41

]
latex2htmlSize :tex2html_wrap_inline890: 6.94444pt::0.0pt.
[42

]
latex2htmlSize :tex2html_wrap_inline892: 6.94444pt::0.0pt.
[43

]
latex2htmlSize :tex2html_wrap_inline898: 7.5pt::2.5pt.
[44

]
latex2htmlSize :tex2html_wrap_inline900: 7.5pt::2.5pt.
[45

]
latex2htmlSize :tex2html_wrap_inline902: 7.5pt::2.5pt.
[46

]
latex2htmlSize :tex2html_wrap_inline904: 6.83331pt::1.94444pt.
[47

]
latex2htmlSize :tex2html_wrap_inline906: 7.5pt::2.5pt.
[48

]
latex2htmlSize :tex2html_wrap_inline908: 7.51782pt::0.0pt.
[49

]
latex2htmlSize :tex2html_wrap_inline912: 7.51782pt::0.0pt.
[50

]
latex2htmlSize :tex2html_wrap_inline914: 7.51782pt::2.5pt.
[51

] [52

] (images.aux)

LaTeX Warning: Label(s) may have changed. Rerun to get cross-references right.

 ) 
Here is how much of TeX's memory you used:
 815 strings out of 10910
 7945 string characters out of 72284
 51824 words of memory out of 262141
 3672 multiletter control sequences out of 9500
 22498 words of font info for 84 fonts, out of 150000 for 255
 14 hyphenation exceptions out of 607
 23i,4n,21p,304b,242s stack positions out of 300i,40n,60p,3000b,4000s

Output written on images.dvi (52 pages, 5248 bytes).
