This is pdfTeXk, Version 3.1415926-1.40.9 (Web2C 7.5.7) (format=pdflatex 2008.8.22)  2 MAR 2009 15:23
entering extended mode
 %&-line parsing enabled.
**paper.tex
(./paper.tex
LaTeX2e <2005/12/01>
Babel <v3.8l> and hyphenation patterns for english, usenglishmax, dumylang, noh
yphenation, german-x-2008-06-18, ngerman-x-2008-06-18, ancientgreek, ibycus, ar
abic, basque, bulgarian, catalan, pinyin, coptic, croatian, czech, danish, dutc
h, esperanto, estonian, farsi, finnish, french, galician, german, ngerman, mono
greek, greek, hungarian, icelandic, indonesian, interlingua, irish, italian, la
tin, mongolian, mongolian2a, bokmal, nynorsk, polish, portuguese, romanian, rus
sian, sanskrit, serbian, slovak, slovenian, spanish, swedish, turkish, ukenglis
h, ukrainian, uppersorbian, welsh, loaded.
(./TOOLS/sigplanconf.cls

LaTeX Warning: You have requested document class `TOOLS/sigplanconf',
               but the document class provides `sigplanconf'.

Document Class: sigplanconf 2007/03/13 v1.5 ACM SIGPLAN Proceedings
\@numheaddepth=\count79
(/usr/local/texlive/2008/texmf-dist/tex/latex/base/article.cls
Document Class: article 2005/09/16 v1.4f Standard LaTeX document class
(/usr/local/texlive/2008/texmf-dist/tex/latex/base/size10.clo
File: size10.clo 2005/09/16 v1.4f Standard LaTeX file (size option)
)
\c@part=\count80
\c@section=\count81
\c@subsection=\count82
\c@subsubsection=\count83
\c@paragraph=\count84
\c@subparagraph=\count85
\c@figure=\count86
\c@table=\count87
\abovecaptionskip=\skip41
\belowcaptionskip=\skip42
\bibindent=\dimen102
)
\standardtextwidth=\dimen103
\standardvspace=\skip43

(/usr/local/texlive/2008/texmf-dist/tex/latex/natbib/natbib.sty
Package: natbib 2007/10/30 8.1 (PWD)
\bibhang=\skip44
\bibsep=\skip45
LaTeX Info: Redefining \cite on input line 602.
\c@NAT@ctr=\count88
)
\@sectionaboveskip=\skip46
\@sectionbelowskip=\skip47
\@subsectionaboveskip=\skip48
\@subsectionbelowskip=\skip49
\@paragraphaboveskip=\skip50
\@authorcount=\count89
\@titlenotecount=\count90
\@titlenotetext=\toks14
\@fnmark=\toks15
\@authori=\count91
\@measbox=\box26
)
(/usr/local/texlive/2008/texmf-dist/tex/latex/amsfonts/amsfonts.sty
Package: amsfonts 2001/10/25 v2.2f
\@emptytoks=\toks16
\symAMSa=\mathgroup4
\symAMSb=\mathgroup5
LaTeX Font Info:    Overwriting math alphabet `\mathfrak' in version `bold'
(Font)                  U/euf/m/n --> U/euf/b/n on input line 132.
)
(/usr/local/texlive/2008/texmf-dist/tex/latex/amsmath/amsmath.sty
Package: amsmath 2000/07/18 v2.13 AMS math features
\@mathmargin=\skip51

For additional information on amsmath, use the `?' option.
(/usr/local/texlive/2008/texmf-dist/tex/latex/amsmath/amstext.sty
Package: amstext 2000/06/29 v2.01

(/usr/local/texlive/2008/texmf-dist/tex/latex/amsmath/amsgen.sty
File: amsgen.sty 1999/11/30 v2.0
\@emptytoks=\toks17
\ex@=\dimen104
))
(/usr/local/texlive/2008/texmf-dist/tex/latex/amsmath/amsbsy.sty
Package: amsbsy 1999/11/29 v1.2d
\pmbraise@=\dimen105
)
(/usr/local/texlive/2008/texmf-dist/tex/latex/amsmath/amsopn.sty
Package: amsopn 1999/12/14 v2.01 operator names
)
\inf@bad=\count92
LaTeX Info: Redefining \frac on input line 211.
\uproot@=\count93
\leftroot@=\count94
LaTeX Info: Redefining \overline on input line 307.
\classnum@=\count95
\DOTSCASE@=\count96
LaTeX Info: Redefining \ldots on input line 379.
LaTeX Info: Redefining \dots on input line 382.
LaTeX Info: Redefining \cdots on input line 467.
\Mathstrutbox@=\box27
\strutbox@=\box28
\big@size=\dimen106
LaTeX Font Info:    Redeclaring font encoding OML on input line 567.
LaTeX Font Info:    Redeclaring font encoding OMS on input line 568.
\macc@depth=\count97
\c@MaxMatrixCols=\count98
\dotsspace@=\muskip10
\c@parentequation=\count99
\dspbrk@lvl=\count100
\tag@help=\toks18
\row@=\count101
\column@=\count102
\maxfields@=\count103
\andhelp@=\toks19
\eqnshift@=\dimen107
\alignsep@=\dimen108
\tagshift@=\dimen109
\tagwidth@=\dimen110
\totwidth@=\dimen111
\lineht@=\dimen112
\@envbody=\toks20
\multlinegap=\skip52
\multlinetaggap=\skip53
\mathdisplay@stack=\toks21
LaTeX Info: Redefining \[ on input line 2666.
LaTeX Info: Redefining \] on input line 2667.
)
(./TOOLS/chheader.tex
(/usr/local/texlive/2008/texmf-dist/tex/latex/graphics/graphicx.sty
Package: graphicx 1999/02/16 v1.0f Enhanced LaTeX Graphics (DPC,SPQR)

(/usr/local/texlive/2008/texmf-dist/tex/latex/graphics/keyval.sty
Package: keyval 1999/03/16 v1.13 key=value parser (DPC)
\KV@toks@=\toks22
)
(/usr/local/texlive/2008/texmf-dist/tex/latex/graphics/graphics.sty
Package: graphics 2006/02/20 v1.0o Standard LaTeX Graphics (DPC,SPQR)

(/usr/local/texlive/2008/texmf-dist/tex/latex/graphics/trig.sty
Package: trig 1999/03/16 v1.09 sin cos tan (DPC)
)
(/usr/local/texlive/2008/texmf/tex/latex/config/graphics.cfg
File: graphics.cfg 2007/01/18 v1.5 graphics configuration of teTeX/TeXLive
)
Package graphics Info: Driver file: pdftex.def on input line 90.

(/usr/local/texlive/2008/texmf-dist/tex/latex/pdftex-def/pdftex.def
File: pdftex.def 2008/07/16 v0.04k Graphics/color for pdfTeX
\Gread@gobject=\count104
))
\Gin@req@height=\dimen113
\Gin@req@width=\dimen114
)
(/usr/local/texlive/2008/texmf-dist/tex/latex/ltxmisc/url.sty
\Urlmuskip=\muskip11
Package: url 2006/04/12  ver 3.3  Verb mode for urls, etc.
)
(/usr/local/texlive/2008/texmf-dist/tex/latex/tools/verbatim.sty
Package: verbatim 2003/08/22 v1.5q LaTeX2e package for verbatim enhancements
\every@verbatim=\toks23
\verbatim@line=\toks24
\verbatim@in@stream=\read1
)
(/usr/local/texlive/2008/texmf-dist/tex/latex/listings/listings.sty
\lst@mode=\count105
\lst@gtempboxa=\box29
\lst@token=\toks25
\lst@length=\count106
\lst@currlwidth=\dimen115
\lst@column=\count107
\lst@pos=\count108
\lst@lostspace=\dimen116
\lst@width=\dimen117
\lst@newlines=\count109
\lst@lineno=\count110
\lst@maxwidth=\dimen118

(/usr/local/texlive/2008/texmf-dist/tex/latex/listings/lstmisc.sty
File: lstmisc.sty 2007/02/22 1.4 (Carsten Heinz)
\c@lstnumber=\count111
\lst@skipnumbers=\count112
\lst@framebox=\box30
)
(/usr/local/texlive/2008/texmf-dist/tex/latex/listings/listings.cfg
File: listings.cfg 2007/02/22 1.4 listings configuration
))
Package: listings 2007/02/22 1.4 (Carsten Heinz)

(/usr/local/texlive/2008/texmf-dist/tex/latex/listings/lstlang1.sty
File: lstlang1.sty 2004/09/05 1.3 listings language file
)
(/usr/local/texlive/2008/texmf-dist/tex/latex/listings/lstlang2.sty
File: lstlang2.sty 2004/09/05 1.3 listings language file
)
\c@prop=\count113
\c@conj=\count114
\c@fact=\count115
\c@df=\count116
\c@lem=\count117
\c@ex=\count118
)
(./paper.aux)
\openout1 = `paper.aux'.

LaTeX Font Info:    Checking defaults for OML/cmm/m/it on input line 9.
LaTeX Font Info:    ... okay on input line 9.
LaTeX Font Info:    Checking defaults for T1/cmr/m/n on input line 9.
LaTeX Font Info:    ... okay on input line 9.
LaTeX Font Info:    Checking defaults for OT1/cmr/m/n on input line 9.
LaTeX Font Info:    ... okay on input line 9.
LaTeX Font Info:    Checking defaults for OMS/cmsy/m/n on input line 9.
LaTeX Font Info:    ... okay on input line 9.
LaTeX Font Info:    Checking defaults for OMX/cmex/m/n on input line 9.
LaTeX Font Info:    ... okay on input line 9.
LaTeX Font Info:    Checking defaults for U/cmr/m/n on input line 9.
LaTeX Font Info:    ... okay on input line 9.
LaTeX Font Info:    Try loading font information for OT1+ptm on input line 9.
 (/usr/local/texlive/2008/texmf-dist/tex/latex/psnfss/ot1ptm.fd
File: ot1ptm.fd 2001/06/04 font definitions for OT1/ptm.
)
(/usr/local/texlive/2008/texmf-dist/tex/context/base/supp-pdf.tex
[Loading MPS to PDF converter (version 2006.09.02).]
\scratchcounter=\count119
\scratchdimen=\dimen119
\scratchbox=\box31
\nofMPsegments=\count120
\nofMParguments=\count121
\everyMPshowfont=\toks26
\MPscratchCnt=\count122
\MPscratchDim=\dimen120
\MPnumerator=\count123
\everyMPtoPDFconversion=\toks27
)
\c@lstlisting=\count124
LaTeX Font Info:    Font shape `OT1/ptm/bx/n' in size <18> not available
(Font)              Font shape `OT1/ptm/b/n' tried instead on input line 27.
LaTeX Font Info:    Font shape `OT1/ptm/bx/n' in size <14> not available
(Font)              Font shape `OT1/ptm/b/n' tried instead on input line 27.
LaTeX Font Info:    Font shape `OT1/ptm/bx/it' in size <14> not available
(Font)              Font shape `OT1/ptm/b/it' tried instead on input line 27.


LaTeX Font Warning: Font shape `OT1/cmss/m/it' in size <9> not available
(Font)              Font shape `OT1/cmss/m/sl' tried instead on input line 27.

LaTeX Font Info:    Font shape `OT1/ptm/bx/n' in size <11> not available
(Font)              Font shape `OT1/ptm/b/n' tried instead on input line 29.
LaTeX Font Info:    Font shape `OT1/ptm/bx/n' in size <9> not available
(Font)              Font shape `OT1/ptm/b/n' tried instead on input line 61.
LaTeX Font Info:    Font shape `OT1/ptm/bx/it' in size <9> not available
(Font)              Font shape `OT1/ptm/b/it' tried instead on input line 61.

Overfull \hbox (10.31728pt too wide) in paragraph at lines 92--96
[]\OT1/ptm/m/n/9 Clearly, this as part of a more gen-eral pat-tern: ana-log-i-c
al/metaphor-
 []

LaTeX Font Info:    Try loading font information for U+msa on input line 114.
(/usr/local/texlive/2008/texmf-dist/tex/latex/amsfonts/umsa.fd
File: umsa.fd 2002/01/19 v2.2g AMS font definitions
)
LaTeX Font Info:    Try loading font information for U+msb on input line 114.

(/usr/local/texlive/2008/texmf-dist/tex/latex/amsfonts/umsb.fd
File: umsb.fd 2002/01/19 v2.2g AMS font definitions
)
Underfull \vbox (badness 6691) has occurred while \output is active []

 [1{/usr/local/texlive/2008/texmf-var/fonts/map/pdftex/updmap/pdftex.map}


]
Missing character: There is no ß in font ptmr7t!
 [2]
<./figs/isof1.pdf, id=23, 461.725pt x 333.245pt>
File: ./figs/isof1.pdf Graphic file (type pdf)
 <use ./figs/isof1.pdf>
[3] <./figs/isof2.pdf, id=30, 329.23pt x 224.84pt>
File: ./figs/isof2.pdf Graphic file (type pdf)
 <use ./figs/isof2.pdf>
<./figs/iso2008p.pdf, id=31, 256.96pt x 586.19pt>
File: ./figs/iso2008p.pdf Graphic file (type pdf)
 <use ./figs/iso2008p.pdf>
<./figs/iso2008b.pdf, id=32, 212.795pt x 405.515pt>
File: ./figs/iso2008b.pdf Graphic file (type pdf)
 <use ./figs/iso2008b.pdf>
<./figs/isounpair1.pdf, id=33, 849.1725pt x 596.2275pt>
File: ./figs/isounpair1.pdf Graphic file (type pdf)

<use ./figs/isounpair1.pdf> [4 <./figs/isof1.pdf> <./figs/isof2.pdf>]
Overfull \hbox (10.7536pt too wide) in paragraph at lines 646--648
[][][][][][][][][][][][][][][][][][][][][][][][][][][][][][][][][][][][][][][][
][] 
 []

<./figs/isounpair3.pdf, id=55, 849.1725pt x 596.2275pt>
File: ./figs/isounpair3.pdf Graphic file (type pdf)

<use ./figs/isounpair3.pdf> [5 <./figs/iso2008p.pdf> <./figs/iso2008b.pdf> <./f
igs/isounpair1.pdf> <./figs/isounpair3.pdf>]
Overfull \hbox (23.50378pt too wide) in paragraph at lines 703--704
[][][][][][][][][][][][][][][][][][][][][][][][][][][][][][][][][][][][][] 
 []

<./figs/isozunpair.pdf, id=85, 849.1725pt x 596.2275pt>
File: ./figs/isozunpair.pdf Graphic file (type pdf)

<use ./figs/isozunpair.pdf> <./figs/isof5.pdf, id=86, 144.54pt x 260.975pt>
File: ./figs/isof5.pdf Graphic file (type pdf)

<use ./figs/isof5.pdf> [6 <./figs/isozunpair.pdf> <./figs/isof5.pdf>]
Overfull \hbox (15.00366pt too wide) in paragraph at lines 861--862
[][][][][][][][][][][][][][][][][][] 
 []


Underfull \hbox (badness 1728) in paragraph at lines 916--920
[]\OT1/ptm/m/it/9 The \OT1/cmtt/m/n/9 hff[]pars \OT1/ptm/m/it/9 en-cod-ing is a
 self-delimiting
 []

[7]
Overfull \hbox (2.25348pt too wide) in paragraph at lines 986--988
[][][][][][][][][][][][][][][][][][][][][][][][][][] 
 []

LaTeX Font Info:    Calculating math sizes for size <11> on input line 1105.

LaTeX Font Warning: Font shape `OT1/cmr/m/n' in size <5.5> not available
(Font)              size <5> substituted on input line 1105.


LaTeX Font Warning: Font shape `OML/cmm/m/it' in size <5.5> not available
(Font)              size <5> substituted on input line 1105.


LaTeX Font Warning: Font shape `OMS/cmsy/m/n' in size <5.5> not available
(Font)              size <5> substituted on input line 1105.


LaTeX Font Warning: Font shape `U/msa/m/n' in size <5.5> not available
(Font)              size <5> substituted on input line 1105.


LaTeX Font Warning: Font shape `U/msb/m/n' in size <5.5> not available
(Font)              size <5> substituted on input line 1105.

[8] [9] [10] [11] (./paper.bbl
Underfull \hbox (badness 10000) in paragraph at lines 40--43
[]\OT1/ptm/m/n/8 Conal El-liott.  Data.Bijections Haskell Mod-ule.
 []


Underfull \hbox (badness 7415) in paragraph at lines 117--123
[]\OT1/ptm/m/n/8 Gottfried Wil-helm Leib-niz.  La Mon-adolo-gie.  URL $\OT1/cmt
t/m/n/8 http :
 []


Underfull \hbox (badness 10000) in paragraph at lines 117--123
\OT1/cmtt/m/n/8 / / www . philosophy . leeds . ac . uk / GMR / hmp / texts / mo
dern /
 []


Underfull \hbox (badness 10000) in paragraph at lines 188--193
[]\OT1/ptm/m/n/8 N. J. A. Sloane.  A000695, The On-Line En-cy-clo-pe-dia of
 []


Underfull \hbox (badness 10000) in paragraph at lines 188--193
\OT1/ptm/m/n/8 In-te-ger Se-quences.  2006.  pub-lished elec-tron-i-cally at
 []


Underfull \hbox (badness 4341) in paragraph at lines 201--205
[]\OT1/ptm/m/n/8 Paul Ta-rau.  Declar-a-tive Com-bi-na-torics: Iso-mor-phisms, 
Hy-lo-mor-
 []

) [12] (./paper.aux)

LaTeX Font Warning: Size substitutions with differences
(Font)              up to 0.5pt have occurred.

 ) 
Here is how much of TeX's memory you used:
 3645 strings out of 493886
 47806 string characters out of 1151099
 200093 words of memory out of 3000000
 6854 multiletter control sequences out of 10000+50000
 37425 words of font info for 79 fonts, out of 3000000 for 5000
 714 hyphenation exceptions out of 8191
 29i,7n,32p,226b,1510s stack positions out of 5000i,500n,10000p,200000b,50000s
{/usr/local/texlive/2008/texmf-dist/fonts/enc/dvips/base/8r.enc}</usr/local/t
exlive/2008/texmf-dist/fonts/type1/bluesky/cm/cmmi10.pfb></usr/local/texlive/20
08/texmf-dist/fonts/type1/bluesky/cm/cmmi6.pfb></usr/local/texlive/2008/texmf-d
ist/fonts/type1/bluesky/cm/cmmi8.pfb></usr/local/texlive/2008/texmf-dist/fonts/
type1/bluesky/cm/cmmi9.pfb></usr/local/texlive/2008/texmf-dist/fonts/type1/blue
sky/cm/cmr10.pfb></usr/local/texlive/2008/texmf-dist/fonts/type1/bluesky/cm/cmr
6.pfb></usr/local/texlive/2008/texmf-dist/fonts/type1/bluesky/cm/cmr8.pfb></usr
/local/texlive/2008/texmf-dist/fonts/type1/bluesky/cm/cmr9.pfb></usr/local/texl
ive/2008/texmf-dist/fonts/type1/bluesky/cm/cmssi9.pfb></usr/local/texlive/2008/
texmf-dist/fonts/type1/bluesky/cm/cmsy10.pfb></usr/local/texlive/2008/texmf-dis
t/fonts/type1/bluesky/cm/cmsy6.pfb></usr/local/texlive/2008/texmf-dist/fonts/ty
pe1/bluesky/cm/cmsy8.pfb></usr/local/texlive/2008/texmf-dist/fonts/type1/bluesk
y/cm/cmsy9.pfb></usr/local/texlive/2008/texmf-dist/fonts/type1/bluesky/cm/cmtt8
.pfb></usr/local/texlive/2008/texmf-dist/fonts/type1/bluesky/cm/cmtt9.pfb></usr
/local/texlive/2008/texmf-dist/fonts/type1/public/cmex/fmex9.pfb></usr/local/te
xlive/2008/texmf-dist/fonts/type1/bluesky/ams/msbm10.pfb></usr/local/texlive/20
08/texmf-dist/fonts/type1/urw/times/utmb8a.pfb></usr/local/texlive/2008/texmf-d
ist/fonts/type1/urw/times/utmbi8a.pfb></usr/local/texlive/2008/texmf-dist/fonts
/type1/urw/times/utmr8a.pfb></usr/local/texlive/2008/texmf-dist/fonts/type1/urw
/times/utmri8a.pfb>
Output written on paper.pdf (12 pages, 326596 bytes).
PDF statistics:
 191 PDF objects out of 1000 (max. 8388607)
 0 named destinations out of 1000 (max. 131072)
 41 words of extra memory for PDF output out of 10000 (max. 10000000)

