This is TeX, Version 3.14159 (C version 6.1) (format=latex 96.10.25)  2 SEP 1997 21:07
**images.tex
(images.tex
LaTeX2e <1996/06/01>
Hyphenation patterns for english, german, loaded.

(/opt/teTeX/texmf/tex/latex/base/latex209.def
File: latex209.def 1996/05/21 v0.51 Standard LaTeX file
Entering LaTeX 2.09 compatibility mode.
\footheight=\dimen102
\@maxsep=\dimen103
\@dblmaxsep=\dimen104
\@cla=\count79
\@clb=\count80
\mscount=\count81
(/opt/teTeX/texmf/tex/latex/base/tracefnt.sty
Package: tracefnt 1996/05/08 v3.0h Standard LaTeX package (font tracing)
\tracingfonts=\count82
LaTeX Info: Redefining \selectfont on input line 139.
)
\symbold=\mathgroup4
\symsans=\mathgroup5
\symtypewriter=\mathgroup6
\symitalic=\mathgroup7
\symsmallcaps=\mathgroup8
\symslanted=\mathgroup9
LaTeX Font Info:    Redeclaring math alphabet \mathbf on input line 307.
LaTeX Font Info:    Redeclaring math alphabet \mathsf on input line 308.
LaTeX Font Info:    Redeclaring math alphabet \mathtt on input line 309.
LaTeX Font Info:    Redeclaring math alphabet \mathit on input line 315.
LaTeX Info: Redefining \em on input line 325.
(/opt/teTeX/texmf/tex/latex/base/latexsym.sty
Package: latexsym 1995/11/28 v2.2c Standard LaTeX package (lasy symbols)
\symlasy=\mathgroup10
LaTeX Font Info:    Overwriting symbol font `lasy' in version `bold'
(Font)                  U/lasy/m/n --> U/lasy/b/n on input line 86.
)
LaTeX Font Info:    Redeclaring math delimiter \lgroup on input line 389.
LaTeX Font Info:    Redeclaring math delimiter \rgroup on input line 391.
LaTeX Font Info:    Redeclaring math delimiter \bracevert on input line 393.
(/opt/teTeX/texmf/tex/latex/config/latex209.cfg (/opt/teTeX/texmf/tex/latex/too
ls/rawfonts.sty
Compatibility mode: package `' requested, but `rawfonts' provided.
Package: rawfonts 1994/05/08 Low-level LaTeX 2.09 font compatibility
(/opt/teTeX/texmf/tex/latex/tools/somedefs.sty
Package: somedefs 1994/06/01 Toolkit for optional definitions
)
LaTeX Font Info:    Try loading font information for U+lasy on input line 36.
(/opt/teTeX/texmf/tex/latex/base/Ulasy.fd
File: Ulasy.fd 1995/11/28 v2.2cLaTeX symbol font definitions
)))) (/opt/teTeX/texmf/tex/latex/base/article.cls
Document Class: article 1996/05/26 v1.3r Standard LaTeX document class
(/opt/teTeX/texmf/tex/latex/base/size10.clo
File: size10.clo 1996/05/26 v1.3r Standard LaTeX file (size option)
)
\c@part=\count83
\c@section=\count84
\c@subsection=\count85
\c@subsubsection=\count86
\c@paragraph=\count87
\c@subparagraph=\count88
\c@figure=\count89
\c@table=\count90
\abovecaptionskip=\skip41
\belowcaptionskip=\skip42
Compatibility mode: definition of \rm ignored.
Compatibility mode: definition of \sf ignored.
Compatibility mode: definition of \tt ignored.
Compatibility mode: definition of \bf ignored.
Compatibility mode: definition of \it ignored.
Compatibility mode: definition of \sl ignored.
Compatibility mode: definition of \sc ignored.
LaTeX Info: Redefining \cal on input line 543.
LaTeX Info: Redefining \mit on input line 544.
\bibindent=\dimen105
) (/opt/teTeX/texmf/tex/generic/dvips/epsf.sty (/opt/teTeX/texmf/tex/generic/dv
ips/epsf.tex
\epsffilein=\read1
\epsfxsize=\dimen106
\epsfysize=\dimen107
\epsftsize=\dimen108
\epsfrsize=\dimen109
\epsftmp=\dimen110
\pspoints=\dimen111
)) (/opt/teTeX/texmf/tex/latex/psnfss/times.sty
Package: times 1995/08/16 5.2 Times PSNFSS2e package
) (/opt/home/tarau/art/lm/jlp.sty
JLP Version 1.0 <Sept. 24, 1993>
\c@theorem=\count91
\c@algorithm=\count92
\c@corollary=\count93
\c@proposition=\count94
\c@lemma=\count95
\c@axiom=\count96
\c@definition=\count97
\c@remark=\count98
\c@comment=\count99
\c@example=\count100
\c@problem=\count101
\c@conjecture=\count102
\c@observation=\count103
\c@acknowledgements=\count104
\c@theorem=\count105
\c@axiom=\count106
\c@lemma=\count107
\c@corollary=\count108
\c@proposition=\count109
\c@algorithm=\count110
\c@observation=\count111
LaTeX Font Info:    Try loading font information for OT1+ptm on input line 143.

(/opt/teTeX/texmf/tex/latex/psnfss/OT1ptm.fd
File: OT1ptm.fd 1996/01/28 Fontinst v1.504 font definitions for OT1/ptm.
)
\fullwidth=\dimen112
\leftmarginwidth=\dimen113
\emptyfoot=\dimen114
\emptyhead=\dimen115
\templength@=\dimen116
)
\lthtmlwrite=\write3
\sizebox=\box26
(images.aux)
LaTeX Font Info:    Checking defaults for OML/cmm/m/it on input line 97.
LaTeX Font Info:    ... okay on input line 97.
LaTeX Font Info:    Checking defaults for T1/cmr/m/n on input line 97.
LaTeX Font Info:    ... okay on input line 97.
LaTeX Font Info:    Checking defaults for OT1/cmr/m/n on input line 97.
LaTeX Font Info:    ... okay on input line 97.
LaTeX Font Info:    Checking defaults for OMS/cmsy/m/n on input line 97.
LaTeX Font Info:    ... okay on input line 97.
LaTeX Font Info:    Checking defaults for OMX/cmex/m/n on input line 97.
LaTeX Font Info:    ... okay on input line 97.
LaTeX Font Info:    Checking defaults for U/cmr/m/n on input line 97.
LaTeX Font Info:    ... okay on input line 97.
[1



] [2

] [3

] [4

]
LaTeX Font Info:    External font `cmex10' loaded for size
(Font)              <7> on input line 159.
LaTeX Font Info:    External font `cmex10' loaded for size
(Font)              <5> on input line 159.
LaTeX Font Info:    Font shape `OT1/ptm/bx/n' in size <10> not available
(Font)              Font shape `OT1/ptm/b/n' tried instead on input line 160.

Underfull \hbox (badness 10000) in paragraph at lines 159--175

 []

[5

] (images.aux)

LaTeX Warning: Label(s) may have changed. Rerun to get cross-references right.

 ) 
Here is how much of TeX's memory you used:
 814 strings out of 10910
 8210 string characters out of 72284
 52919 words of memory out of 262141
 3659 multiletter control sequences out of 9500
 23524 words of font info for 86 fonts, out of 150000 for 255
 14 hyphenation exceptions out of 607
 24i,7n,21p,324b,244s stack positions out of 300i,40n,60p,3000b,4000s

Output written on images.dvi (5 pages, 2316 bytes).
